2024-11-10 17:55:57,631 [ 1] INFO  Unity: LoadingManager start
2024-11-10 17:56:03,742 [ 1] INFO  Unity: DataManager > DataManager()
2024-11-10 17:56:10,148 [ 1] INFO  Unity: UserLoginRequest::user :test psw:123
2024-11-10 17:56:10,149 [ 1] INFO  Unity: ConnectToServer() Start 
2024-11-10 17:56:10,153 [ 1] INFO  Unity: DoConnect
2024-11-10 17:56:10,155 [ 1] INFO  Unity: NetClient.DoConnect on 127.0.0.1:8000
2024-11-10 17:56:10,158 [ 1] INFO  Unity: Connect[0] to server 127.0.0.1:8000

2024-11-10 17:56:10,162 [ 1] INFO  Unity: LoadingMesager::OnGameServerConnect :0 reason:Success
2024-11-10 17:56:10,260 [ 1] INFO  Unity: OnUserLogin:Success [µÇÂ½³É¹¦]
2024-11-10 17:56:10,262 [ 1] INFO  Unity: LoadLevel: CharSelect
2024-11-10 17:56:10,379 [ 1] INFO  Unity: LevelLoadCompleted:1
2024-11-10 17:56:11,345 [ 1] INFO  Unity: Select Char:[2]test2[Warrior]
2024-11-10 17:56:11,595 [ 1] INFO  Unity: Select Char:[1]test1[Archer]
2024-11-10 17:56:12,000 [ 1] INFO  Unity: UserGameEnterRequest::CharacterID:0
2024-11-10 17:56:12,019 [ 1] INFO  Unity: OnGameEnter: Success  [None] 
2024-11-10 17:56:12,021 [ 1] INFO  Unity: ItemManager : init[ID: 1, Count: 7]
2024-11-10 17:56:12,021 [ 1] INFO  Unity: ItemManager : init[ID: 6, Count: 3]
2024-11-10 17:56:12,021 [ 1] INFO  Unity: ItemManager : init[ID: 4, Count: 5]
2024-11-10 17:56:12,023 [ 1] INFO  Unity: ItemManager : init[ID: 3, Count: 2]
2024-11-10 17:56:12,027 [ 1] INFO  Unity: OnMapCharacterEnter:Map1 Count:1
2024-11-10 17:56:12,028 [ 1] INFO  Unity: AddCharacter: 7 : test1 Map: 1 Entity: (7:pos:(5000,4000,820),dir:(100,0,0),spd:0
2024-11-10 17:56:12,031 [ 1] INFO  Unity: LoadLevel: MainCity
2024-11-10 17:56:12,665 [ 1] WARN  Unity: No mesh data available for mesh Sphere001 on particle system fx_portal. Make sure Read/Write Enabled is set in the importer to work on the particle system renderer

2024-11-10 17:56:12,665 [ 1] WARN  Unity: No mesh data available for mesh Sphere001 on particle system fx_portal. Make sure Read/Write Enabled is set in the importer to work on the particle system renderer

2024-11-10 17:56:12,775 [ 1] INFO  Unity: LevelLoadCompleted:1
2024-11-10 17:56:13,268 [ 1] INFO  Unity: MoveForward
2024-11-10 17:56:13,269 [ 1] INFO  Unity: MapEntityUpdateRequest : ID: 7 POS: SkillBridge.Message.NVector3 DIR: (100,0,0) SPD: 300
2024-11-10 17:56:13,601 [ 1] INFO  Unity: SetDirection:(98, 18, 0)
2024-11-10 17:56:13,602 [ 1] INFO  Unity: MapEntityUpdateRequest : ID: 7 POS: SkillBridge.Message.NVector3 DIR: (98,18,0) SPD: 300
2024-11-10 17:56:13,694 [ 1] INFO  Unity: SetDirection:(94, 35, 0)
2024-11-10 17:56:13,695 [ 1] INFO  Unity: MapEntityUpdateRequest : ID: 7 POS: SkillBridge.Message.NVector3 DIR: (94,35,0) SPD: 300
2024-11-10 17:56:13,791 [ 1] INFO  Unity: SetDirection:(86, 51, 0)
2024-11-10 17:56:13,792 [ 1] INFO  Unity: MapEntityUpdateRequest : ID: 7 POS: SkillBridge.Message.NVector3 DIR: (86,51,0) SPD: 300
2024-11-10 17:56:13,865 [ 1] INFO  Unity: SetDirection:(76, 65, 0)
2024-11-10 17:56:13,866 [ 1] INFO  Unity: MapEntityUpdateRequest : ID: 7 POS: SkillBridge.Message.NVector3 DIR: (76,65,0) SPD: 300
2024-11-10 17:56:13,949 [ 1] INFO  Unity: SetDirection:(63, 77, 0)
2024-11-10 17:56:13,950 [ 1] INFO  Unity: MapEntityUpdateRequest : ID: 7 POS: SkillBridge.Message.NVector3 DIR: (63,77,0) SPD: 300
2024-11-10 17:56:14,040 [ 1] INFO  Unity: SetDirection:(49, 87, 0)
2024-11-10 17:56:14,041 [ 1] INFO  Unity: MapEntityUpdateRequest : ID: 7 POS: SkillBridge.Message.NVector3 DIR: (49,87,0) SPD: 300
2024-11-10 17:56:14,120 [ 1] INFO  Unity: SetDirection:(33, 94, 0)
2024-11-10 17:56:14,120 [ 1] INFO  Unity: MapEntityUpdateRequest : ID: 7 POS: SkillBridge.Message.NVector3 DIR: (33,94,0) SPD: 300
2024-11-10 17:56:14,198 [ 1] INFO  Unity: SetDirection:(16, 99, 0)
2024-11-10 17:56:14,199 [ 1] INFO  Unity: MapEntityUpdateRequest : ID: 7 POS: SkillBridge.Message.NVector3 DIR: (16,99,0) SPD: 300
2024-11-10 17:56:14,298 [ 1] INFO  Unity: SetDirection:(-5, 100, 0)
2024-11-10 17:56:14,298 [ 1] INFO  Unity: MapEntityUpdateRequest : ID: 7 POS: SkillBridge.Message.NVector3 DIR: (-5,100,0) SPD: 300
2024-11-10 17:56:14,400 [ 1] INFO  Unity: SetDirection:(-25, 97, 0)
2024-11-10 17:56:14,400 [ 1] INFO  Unity: MapEntityUpdateRequest : ID: 7 POS: SkillBridge.Message.NVector3 DIR: (-25,97,0) SPD: 300
2024-11-10 17:56:14,487 [ 1] INFO  Unity: SetDirection:(-42, 91, 0)
2024-11-10 17:56:14,488 [ 1] INFO  Unity: MapEntityUpdateRequest : ID: 7 POS: SkillBridge.Message.NVector3 DIR: (-42,91,0) SPD: 300
2024-11-10 17:56:14,581 [ 1] INFO  Unity: SetDirection:(-60, 80, 0)
2024-11-10 17:56:14,581 [ 1] INFO  Unity: MapEntityUpdateRequest : ID: 7 POS: SkillBridge.Message.NVector3 DIR: (-60,80,0) SPD: 300
2024-11-10 17:56:14,689 [ 1] INFO  Unity: SetDirection:(-75, 66, 0)
2024-11-10 17:56:14,689 [ 1] INFO  Unity: MapEntityUpdateRequest : ID: 7 POS: SkillBridge.Message.NVector3 DIR: (-75,66,0) SPD: 300
2024-11-10 17:56:16,621 [ 1] INFO  Unity: Stop
2024-11-10 17:56:16,624 [ 1] INFO  Unity: MapEntityUpdateRequest : ID: 7 POS: SkillBridge.Message.NVector3 DIR: (-75,66,0) SPD: 0
2024-11-10 17:56:18,160 [ 1] INFO  Unity: SendBuyItem
2024-11-10 17:56:18,194 [ 1] INFO  Unity: StatusNotify:[ Item ] [ Add ] 4 : 1
2024-11-10 17:56:18,195 [ 1] INFO  Unity: StatusNotify:[ Money ] [ Delete ] 0 : 200
2024-11-10 17:56:19,574 [ 1] INFO  Unity: SendBuyItem
2024-11-10 17:56:19,608 [ 1] INFO  Unity: StatusNotify:[ Item ] [ Add ] 4 : 1
2024-11-10 17:56:19,610 [ 1] INFO  Unity: StatusNotify:[ Money ] [ Delete ] 0 : 200
2024-11-10 17:56:24,405 [ 1] WARN  Unity: Parameter 'Relax' does not exist.
UnityEngine.Animator:SetTrigger(String)
NPCController:Relax() (at Assets/Scripts/GameObject/NPCController.cs:37)
<Actions>c__Iterator0:MoveNext() (at Assets/Scripts/GameObject/NPCController.cs:31)
UnityEngine.SetupCoroutine:InvokeMoveNext(IEnumerator, IntPtr)

2024-11-10 17:56:25,028 [ 1] WARN  Unity: Parameter 'Relax' does not exist.
UnityEngine.Animator:SetTrigger(String)
NPCController:Relax() (at Assets/Scripts/GameObject/NPCController.cs:37)
<Actions>c__Iterator0:MoveNext() (at Assets/Scripts/GameObject/NPCController.cs:31)
UnityEngine.SetupCoroutine:InvokeMoveNext(IEnumerator, IntPtr)

2024-11-10 17:56:25,118 [ 1] INFO  Unity: MoveForward
2024-11-10 17:56:25,119 [ 1] INFO  Unity: MapEntityUpdateRequest : ID: 7 POS: SkillBridge.Message.NVector3 DIR: (-75,66,0) SPD: 300
2024-11-10 17:56:25,239 [ 1] INFO  Unity: SetDirection:(-86, 52, 0)
2024-11-10 17:56:25,240 [ 1] INFO  Unity: MapEntityUpdateRequest : ID: 7 POS: SkillBridge.Message.NVector3 DIR: (-86,52,0) SPD: 300
2024-11-10 17:56:25,389 [ 1] INFO  Unity: SetDirection:(-94, 34, 0)
2024-11-10 17:56:25,390 [ 1] INFO  Unity: MapEntityUpdateRequest : ID: 7 POS: SkillBridge.Message.NVector3 DIR: (-94,34,0) SPD: 300
2024-11-10 17:56:25,488 [ 1] INFO  Unity: SetDirection:(-99, 15, 0)
2024-11-10 17:56:25,489 [ 1] INFO  Unity: MapEntityUpdateRequest : ID: 7 POS: SkillBridge.Message.NVector3 DIR: (-99,15,0) SPD: 300
2024-11-10 17:56:25,572 [ 1] INFO  Unity: SetDirection:(-100, -3, 0)
2024-11-10 17:56:25,573 [ 1] INFO  Unity: MapEntityUpdateRequest : ID: 7 POS: SkillBridge.Message.NVector3 DIR: (-100,-3,0) SPD: 300
2024-11-10 17:56:25,679 [ 1] INFO  Unity: SetDirection:(-97, -22, 0)
2024-11-10 17:56:25,679 [ 1] INFO  Unity: MapEntityUpdateRequest : ID: 7 POS: SkillBridge.Message.NVector3 DIR: (-97,-22,0) SPD: 300
2024-11-10 17:56:25,804 [ 1] INFO  Unity: SetDirection:(-92, -39, 0)
2024-11-10 17:56:25,805 [ 1] INFO  Unity: MapEntityUpdateRequest : ID: 7 POS: SkillBridge.Message.NVector3 DIR: (-92,-39,0) SPD: 300
2024-11-10 17:56:26,272 [ 1] INFO  Unity: SetPosition:(4450, 4623, 805)
2024-11-10 17:56:26,272 [ 1] INFO  Unity: MapEntityUpdateRequest : ID: 7 POS: SkillBridge.Message.NVector3 DIR: (-92,-39,0) SPD: 300
2024-11-10 17:56:26,411 [ 1] WARN  Unity: Parameter 'Relax' does not exist.
UnityEngine.Animator:SetTrigger(String)
NPCController:Relax() (at Assets/Scripts/GameObject/NPCController.cs:37)
<Actions>c__Iterator0:MoveNext() (at Assets/Scripts/GameObject/NPCController.cs:31)
UnityEngine.SetupCoroutine:InvokeMoveNext(IEnumerator, IntPtr)

2024-11-10 17:56:27,009 [ 1] INFO  Unity: SetDirection:(-83, -55, 0)
2024-11-10 17:56:27,009 [ 1] INFO  Unity: MapEntityUpdateRequest : ID: 7 POS: SkillBridge.Message.NVector3 DIR: (-83,-55,0) SPD: 300
2024-11-10 17:56:27,060 [ 1] INFO  Unity: SetPosition:(4265, 4549, 805)
2024-11-10 17:56:27,061 [ 1] INFO  Unity: MapEntityUpdateRequest : ID: 7 POS: SkillBridge.Message.NVector3 DIR: (-83,-55,0) SPD: 300
2024-11-10 17:56:27,112 [ 1] INFO  Unity: SetDirection:(-71, -71, 0)
2024-11-10 17:56:27,112 [ 1] INFO  Unity: MapEntityUpdateRequest : ID: 7 POS: SkillBridge.Message.NVector3 DIR: (-71,-71,0) SPD: 300
2024-11-10 17:56:27,209 [ 1] INFO  Unity: SetDirection:(-55, -84, 0)
2024-11-10 17:56:27,210 [ 1] INFO  Unity: MapEntityUpdateRequest : ID: 7 POS: SkillBridge.Message.NVector3 DIR: (-55,-84,0) SPD: 300
2024-11-10 17:56:27,229 [ 1] INFO  Unity: SetPosition:(4264, 4549, 805)
2024-11-10 17:56:27,230 [ 1] INFO  Unity: MapEntityUpdateRequest : ID: 7 POS: SkillBridge.Message.NVector3 DIR: (-55,-84,0) SPD: 300
2024-11-10 17:56:27,301 [ 1] INFO  Unity: SetDirection:(-39, -92, 0)
2024-11-10 17:56:27,301 [ 1] INFO  Unity: MapEntityUpdateRequest : ID: 7 POS: SkillBridge.Message.NVector3 DIR: (-39,-92,0) SPD: 300
2024-11-10 17:56:27,397 [ 1] INFO  Unity: SetDirection:(-19, -98, 0)
2024-11-10 17:56:27,397 [ 1] INFO  Unity: MapEntityUpdateRequest : ID: 7 POS: SkillBridge.Message.NVector3 DIR: (-19,-98,0) SPD: 300
2024-11-10 17:56:27,398 [ 1] INFO  Unity: SetPosition:(4264, 4549, 805)
2024-11-10 17:56:27,399 [ 1] INFO  Unity: MapEntityUpdateRequest : ID: 7 POS: SkillBridge.Message.NVector3 DIR: (-19,-98,0) SPD: 300
2024-11-10 17:56:27,499 [ 1] INFO  Unity: SetDirection:(2, -100, 0)
2024-11-10 17:56:27,500 [ 1] INFO  Unity: MapEntityUpdateRequest : ID: 7 POS: SkillBridge.Message.NVector3 DIR: (2,-100,0) SPD: 300
2024-11-10 17:56:27,557 [ 1] INFO  Unity: SetPosition:(4264, 4549, 805)
2024-11-10 17:56:27,557 [ 1] INFO  Unity: MapEntityUpdateRequest : ID: 7 POS: SkillBridge.Message.NVector3 DIR: (2,-100,0) SPD: 300
2024-11-10 17:56:27,590 [ 1] INFO  Unity: SetDirection:(22, -97, 0)
2024-11-10 17:56:27,591 [ 1] INFO  Unity: MapEntityUpdateRequest : ID: 7 POS: SkillBridge.Message.NVector3 DIR: (22,-97,0) SPD: 300
2024-11-10 17:56:27,675 [ 1] INFO  Unity: SetDirection:(39, -92, 0)
2024-11-10 17:56:27,675 [ 1] INFO  Unity: MapEntityUpdateRequest : ID: 7 POS: SkillBridge.Message.NVector3 DIR: (39,-92,0) SPD: 300
2024-11-10 17:56:27,730 [ 1] INFO  Unity: SetPosition:(4264, 4549, 805)
2024-11-10 17:56:27,731 [ 1] INFO  Unity: MapEntityUpdateRequest : ID: 7 POS: SkillBridge.Message.NVector3 DIR: (39,-92,0) SPD: 300
2024-11-10 17:56:27,777 [ 1] INFO  Unity: SetDirection:(57, -82, 0)
2024-11-10 17:56:27,777 [ 1] INFO  Unity: MapEntityUpdateRequest : ID: 7 POS: SkillBridge.Message.NVector3 DIR: (57,-82,0) SPD: 300
2024-11-10 17:56:27,859 [ 1] INFO  Unity: SetDirection:(71, -71, 0)
2024-11-10 17:56:27,859 [ 1] INFO  Unity: MapEntityUpdateRequest : ID: 7 POS: SkillBridge.Message.NVector3 DIR: (71,-71,0) SPD: 300
2024-11-10 17:56:27,898 [ 1] INFO  Unity: SetPosition:(4264, 4549, 805)
2024-11-10 17:56:27,898 [ 1] INFO  Unity: MapEntityUpdateRequest : ID: 7 POS: SkillBridge.Message.NVector3 DIR: (71,-71,0) SPD: 300
2024-11-10 17:56:27,962 [ 1] INFO  Unity: SetDirection:(84, -55, 0)
2024-11-10 17:56:27,963 [ 1] INFO  Unity: MapEntityUpdateRequest : ID: 7 POS: SkillBridge.Message.NVector3 DIR: (84,-55,0) SPD: 300
2024-11-10 17:56:28,048 [ 1] INFO  Unity: SetDirection:(92, -39, 0)
2024-11-10 17:56:28,049 [ 1] INFO  Unity: MapEntityUpdateRequest : ID: 7 POS: SkillBridge.Message.NVector3 DIR: (92,-39,0) SPD: 300
2024-11-10 17:56:28,074 [ 1] INFO  Unity: SetPosition:(4269, 4549, 805)
2024-11-10 17:56:28,074 [ 1] INFO  Unity: MapEntityUpdateRequest : ID: 7 POS: SkillBridge.Message.NVector3 DIR: (92,-39,0) SPD: 300
2024-11-10 17:56:28,148 [ 1] INFO  Unity: SetDirection:(98, -19, 0)
2024-11-10 17:56:28,148 [ 1] INFO  Unity: MapEntityUpdateRequest : ID: 7 POS: SkillBridge.Message.NVector3 DIR: (98,-19,0) SPD: 300
2024-11-10 17:56:28,242 [ 1] INFO  Unity: SetDirection:(100, 2, 0)
2024-11-10 17:56:28,242 [ 1] INFO  Unity: MapEntityUpdateRequest : ID: 7 POS: SkillBridge.Message.NVector3 DIR: (100,2,0) SPD: 300
2024-11-10 17:56:28,343 [ 1] INFO  Unity: SetDirection:(97, 22, 0)
2024-11-10 17:56:28,344 [ 1] INFO  Unity: MapEntityUpdateRequest : ID: 7 POS: SkillBridge.Message.NVector3 DIR: (97,22,0) SPD: 300
2024-11-10 17:56:28,429 [ 1] INFO  Unity: SetDirection:(92, 39, 0)
2024-11-10 17:56:28,430 [ 1] INFO  Unity: MapEntityUpdateRequest : ID: 7 POS: SkillBridge.Message.NVector3 DIR: (92,39,0) SPD: 300
2024-11-10 17:56:28,527 [ 1] INFO  Unity: SetDirection:(82, 57, 0)
2024-11-10 17:56:28,528 [ 1] INFO  Unity: MapEntityUpdateRequest : ID: 7 POS: SkillBridge.Message.NVector3 DIR: (82,57,0) SPD: 300
2024-11-10 17:56:28,616 [ 1] INFO  Unity: SetDirection:(71, 71, 0)
2024-11-10 17:56:28,618 [ 1] INFO  Unity: MapEntityUpdateRequest : ID: 7 POS: SkillBridge.Message.NVector3 DIR: (71,71,0) SPD: 300
2024-11-10 17:56:28,711 [ 1] INFO  Unity: SetDirection:(55, 84, 0)
2024-11-10 17:56:28,711 [ 1] INFO  Unity: MapEntityUpdateRequest : ID: 7 POS: SkillBridge.Message.NVector3 DIR: (55,84,0) SPD: 300
2024-11-10 17:56:28,791 [ 1] INFO  Unity: SetDirection:(39, 92, 0)
2024-11-10 17:56:28,792 [ 1] INFO  Unity: MapEntityUpdateRequest : ID: 7 POS: SkillBridge.Message.NVector3 DIR: (39,92,0) SPD: 300
2024-11-10 17:56:28,897 [ 1] INFO  Unity: SetDirection:(19, 98, 0)
2024-11-10 17:56:28,897 [ 1] INFO  Unity: MapEntityUpdateRequest : ID: 7 POS: SkillBridge.Message.NVector3 DIR: (19,98,0) SPD: 300
2024-11-10 17:56:28,996 [ 1] INFO  Unity: SetDirection:(-2, 100, 0)
2024-11-10 17:56:28,996 [ 1] INFO  Unity: MapEntityUpdateRequest : ID: 7 POS: SkillBridge.Message.NVector3 DIR: (-2,100,0) SPD: 300
2024-11-10 17:56:29,098 [ 1] INFO  Unity: SetDirection:(-22, 97, 0)
2024-11-10 17:56:29,099 [ 1] INFO  Unity: MapEntityUpdateRequest : ID: 7 POS: SkillBridge.Message.NVector3 DIR: (-22,97,0) SPD: 300
2024-11-10 17:56:29,180 [ 1] INFO  Unity: SetDirection:(-39, 92, 0)
2024-11-10 17:56:29,181 [ 1] INFO  Unity: MapEntityUpdateRequest : ID: 7 POS: SkillBridge.Message.NVector3 DIR: (-39,92,0) SPD: 300
2024-11-10 17:56:29,284 [ 1] INFO  Unity: SetDirection:(-57, 82, 0)
2024-11-10 17:56:29,285 [ 1] INFO  Unity: MapEntityUpdateRequest : ID: 7 POS: SkillBridge.Message.NVector3 DIR: (-57,82,0) SPD: 300
2024-11-10 17:56:29,361 [ 1] INFO  Unity: SetDirection:(-71, 71, 0)
2024-11-10 17:56:29,362 [ 1] INFO  Unity: MapEntityUpdateRequest : ID: 7 POS: SkillBridge.Message.NVector3 DIR: (-71,71,0) SPD: 300
2024-11-10 17:56:29,461 [ 1] INFO  Unity: SetDirection:(-84, 55, 0)
2024-11-10 17:56:29,461 [ 1] INFO  Unity: MapEntityUpdateRequest : ID: 7 POS: SkillBridge.Message.NVector3 DIR: (-84,55,0) SPD: 300
2024-11-10 17:56:29,548 [ 1] INFO  Unity: SetDirection:(-92, 39, 0)
2024-11-10 17:56:29,548 [ 1] INFO  Unity: MapEntityUpdateRequest : ID: 7 POS: SkillBridge.Message.NVector3 DIR: (-92,39,0) SPD: 300
2024-11-10 17:56:29,661 [ 1] INFO  Unity: SetDirection:(-98, 21, 0)
2024-11-10 17:56:29,663 [ 1] INFO  Unity: MapEntityUpdateRequest : ID: 7 POS: SkillBridge.Message.NVector3 DIR: (-98,21,0) SPD: 300
2024-11-10 17:56:30,695 [ 1] INFO  Unity: SetDirection:(-92, 38, 0)
2024-11-10 17:56:30,695 [ 1] INFO  Unity: MapEntityUpdateRequest : ID: 7 POS: SkillBridge.Message.NVector3 DIR: (-92,38,0) SPD: 300
2024-11-10 17:56:30,797 [ 1] INFO  Unity: SetDirection:(-82, 57, 0)
2024-11-10 17:56:30,798 [ 1] INFO  Unity: MapEntityUpdateRequest : ID: 7 POS: SkillBridge.Message.NVector3 DIR: (-82,57,0) SPD: 300
2024-11-10 17:56:30,902 [ 1] INFO  Unity: SetDirection:(-69, 72, 0)
2024-11-10 17:56:30,903 [ 1] INFO  Unity: MapEntityUpdateRequest : ID: 7 POS: SkillBridge.Message.NVector3 DIR: (-69,72,0) SPD: 300
2024-11-10 17:56:30,979 [ 1] INFO  Unity: SetDirection:(-55, 83, 0)
2024-11-10 17:56:30,980 [ 1] INFO  Unity: MapEntityUpdateRequest : ID: 7 POS: SkillBridge.Message.NVector3 DIR: (-55,83,0) SPD: 300
2024-11-10 17:56:31,080 [ 1] INFO  Unity: SetDirection:(-37, 93, 0)
2024-11-10 17:56:31,081 [ 1] INFO  Unity: MapEntityUpdateRequest : ID: 7 POS: SkillBridge.Message.NVector3 DIR: (-37,93,0) SPD: 300
2024-11-10 17:56:31,166 [ 1] INFO  Unity: SetDirection:(-20, 98, 0)
2024-11-10 17:56:31,166 [ 1] INFO  Unity: MapEntityUpdateRequest : ID: 7 POS: SkillBridge.Message.NVector3 DIR: (-20,98,0) SPD: 300
2024-11-10 17:56:31,265 [ 1] INFO  Unity: SetDirection:(1, 100, 0)
2024-11-10 17:56:31,266 [ 1] INFO  Unity: MapEntityUpdateRequest : ID: 7 POS: SkillBridge.Message.NVector3 DIR: (1,100,0) SPD: 300
2024-11-10 17:56:31,375 [ 1] INFO  Unity: SetDirection:(22, 98, 0)
2024-11-10 17:56:31,376 [ 1] INFO  Unity: MapEntityUpdateRequest : ID: 7 POS: SkillBridge.Message.NVector3 DIR: (22,98,0) SPD: 300
2024-11-10 17:56:31,467 [ 1] INFO  Unity: SetDirection:(41, 91, 0)
2024-11-10 17:56:31,468 [ 1] INFO  Unity: MapEntityUpdateRequest : ID: 7 POS: SkillBridge.Message.NVector3 DIR: (41,91,0) SPD: 300
2024-11-10 17:56:31,554 [ 1] INFO  Unity: SetDirection:(57, 82, 0)
2024-11-10 17:56:31,555 [ 1] INFO  Unity: MapEntityUpdateRequest : ID: 7 POS: SkillBridge.Message.NVector3 DIR: (57,82,0) SPD: 300
2024-11-10 17:56:31,647 [ 1] INFO  Unity: SetDirection:(72, 69, 0)
2024-11-10 17:56:31,648 [ 1] INFO  Unity: MapEntityUpdateRequest : ID: 7 POS: SkillBridge.Message.NVector3 DIR: (72,69,0) SPD: 300
2024-11-10 17:56:31,731 [ 1] INFO  Unity: SetDirection:(83, 55, 0)
2024-11-10 17:56:31,731 [ 1] INFO  Unity: MapEntityUpdateRequest : ID: 7 POS: SkillBridge.Message.NVector3 DIR: (83,55,0) SPD: 300
2024-11-10 17:56:31,840 [ 1] INFO  Unity: SetDirection:(93, 37, 0)
2024-11-10 17:56:31,840 [ 1] INFO  Unity: MapEntityUpdateRequest : ID: 7 POS: SkillBridge.Message.NVector3 DIR: (93,37,0) SPD: 300
2024-11-10 17:56:31,921 [ 1] INFO  Unity: SetDirection:(98, 20, 0)
2024-11-10 17:56:31,922 [ 1] INFO  Unity: MapEntityUpdateRequest : ID: 7 POS: SkillBridge.Message.NVector3 DIR: (98,20,0) SPD: 300
2024-11-10 17:56:32,021 [ 1] INFO  Unity: SetDirection:(100, -1, 0)
2024-11-10 17:56:32,022 [ 1] INFO  Unity: MapEntityUpdateRequest : ID: 7 POS: SkillBridge.Message.NVector3 DIR: (100,-1,0) SPD: 300
2024-11-10 17:56:32,116 [ 1] INFO  Unity: SetDirection:(98, -22, 0)
2024-11-10 17:56:32,117 [ 1] INFO  Unity: MapEntityUpdateRequest : ID: 7 POS: SkillBridge.Message.NVector3 DIR: (98,-22,0) SPD: 300
2024-11-10 17:56:32,217 [ 1] INFO  Unity: SetDirection:(91, -41, 0)
2024-11-10 17:56:32,217 [ 1] INFO  Unity: MapEntityUpdateRequest : ID: 7 POS: SkillBridge.Message.NVector3 DIR: (91,-41,0) SPD: 300
2024-11-10 17:56:32,301 [ 1] INFO  Unity: SetDirection:(82, -57, 0)
2024-11-10 17:56:32,301 [ 1] INFO  Unity: MapEntityUpdateRequest : ID: 7 POS: SkillBridge.Message.NVector3 DIR: (82,-57,0) SPD: 300
2024-11-10 17:56:32,401 [ 1] INFO  Unity: SetDirection:(69, -72, 0)
2024-11-10 17:56:32,401 [ 1] INFO  Unity: MapEntityUpdateRequest : ID: 7 POS: SkillBridge.Message.NVector3 DIR: (69,-72,0) SPD: 300
2024-11-10 17:56:32,506 [ 1] INFO  Unity: SetDirection:(54, -84, 0)
2024-11-10 17:56:32,507 [ 1] INFO  Unity: MapEntityUpdateRequest : ID: 7 POS: SkillBridge.Message.NVector3 DIR: (54,-84,0) SPD: 300
2024-11-10 17:56:32,790 [ 1] INFO  Unity: SetDirection:(68, -73, 0)
2024-11-10 17:56:32,791 [ 1] INFO  Unity: MapEntityUpdateRequest : ID: 7 POS: SkillBridge.Message.NVector3 DIR: (68,-73,0) SPD: 300
2024-11-10 17:56:32,906 [ 1] INFO  Unity: SetDirection:(80, -59, 0)
2024-11-10 17:56:32,908 [ 1] INFO  Unity: MapEntityUpdateRequest : ID: 7 POS: SkillBridge.Message.NVector3 DIR: (80,-59,0) SPD: 300
2024-11-10 17:56:33,418 [ 1] INFO  Unity: SetDirection:(90, -43, 0)
2024-11-10 17:56:33,418 [ 1] INFO  Unity: MapEntityUpdateRequest : ID: 7 POS: SkillBridge.Message.NVector3 DIR: (90,-43,0) SPD: 300
2024-11-10 17:56:34,059 [ 1] INFO  Unity: SetDirection:(96, -27, 0)
2024-11-10 17:56:34,060 [ 1] INFO  Unity: MapEntityUpdateRequest : ID: 7 POS: SkillBridge.Message.NVector3 DIR: (96,-27,0) SPD: 300
2024-11-10 17:56:34,135 [ 1] INFO  Unity: SetDirection:(100, -10, 0)
2024-11-10 17:56:34,136 [ 1] INFO  Unity: MapEntityUpdateRequest : ID: 7 POS: SkillBridge.Message.NVector3 DIR: (100,-10,0) SPD: 300
2024-11-10 17:56:34,226 [ 1] INFO  Unity: SetDirection:(100, 8, 0)
2024-11-10 17:56:34,228 [ 1] INFO  Unity: MapEntityUpdateRequest : ID: 7 POS: SkillBridge.Message.NVector3 DIR: (100,8,0) SPD: 300
2024-11-10 17:56:34,319 [ 1] INFO  Unity: SetDirection:(96, 28, 0)
2024-11-10 17:56:34,320 [ 1] INFO  Unity: MapEntityUpdateRequest : ID: 7 POS: SkillBridge.Message.NVector3 DIR: (96,28,0) SPD: 300
2024-11-10 17:56:34,408 [ 1] INFO  Unity: SetDirection:(89, 45, 0)
2024-11-10 17:56:34,410 [ 1] INFO  Unity: MapEntityUpdateRequest : ID: 7 POS: SkillBridge.Message.NVector3 DIR: (89,45,0) SPD: 300
2024-11-10 17:56:34,510 [ 1] INFO  Unity: SetDirection:(78, 62, 0)
2024-11-10 17:56:34,510 [ 1] INFO  Unity: MapEntityUpdateRequest : ID: 7 POS: SkillBridge.Message.NVector3 DIR: (78,62,0) SPD: 300
2024-11-10 17:56:34,587 [ 1] INFO  Unity: SetDirection:(66, 75, 0)
2024-11-10 17:56:34,587 [ 1] INFO  Unity: MapEntityUpdateRequest : ID: 7 POS: SkillBridge.Message.NVector3 DIR: (66,75,0) SPD: 300
2024-11-10 17:56:34,687 [ 1] INFO  Unity: SetDirection:(49, 87, 0)
2024-11-10 17:56:34,687 [ 1] INFO  Unity: MapEntityUpdateRequest : ID: 7 POS: SkillBridge.Message.NVector3 DIR: (49,87,0) SPD: 300
2024-11-10 17:56:34,797 [ 1] INFO  Unity: SetDirection:(30, 95, 0)
2024-11-10 17:56:34,797 [ 1] INFO  Unity: MapEntityUpdateRequest : ID: 7 POS: SkillBridge.Message.NVector3 DIR: (30,95,0) SPD: 300
2024-11-10 17:56:34,875 [ 1] INFO  Unity: SetDirection:(13, 99, 0)
2024-11-10 17:56:34,876 [ 1] INFO  Unity: MapEntityUpdateRequest : ID: 7 POS: SkillBridge.Message.NVector3 DIR: (13,99,0) SPD: 300
2024-11-10 17:56:34,961 [ 1] INFO  Unity: SetDirection:(-4, 100, 0)
2024-11-10 17:56:34,962 [ 1] INFO  Unity: MapEntityUpdateRequest : ID: 7 POS: SkillBridge.Message.NVector3 DIR: (-4,100,0) SPD: 300
2024-11-10 17:56:35,037 [ 1] INFO  Unity: SetDirection:(-22, 98, 0)
2024-11-10 17:56:35,039 [ 1] INFO  Unity: MapEntityUpdateRequest : ID: 7 POS: SkillBridge.Message.NVector3 DIR: (-22,98,0) SPD: 300
2024-11-10 17:56:35,144 [ 1] INFO  Unity: SetDirection:(-42, 91, 0)
2024-11-10 17:56:35,145 [ 1] INFO  Unity: MapEntityUpdateRequest : ID: 7 POS: SkillBridge.Message.NVector3 DIR: (-42,91,0) SPD: 300
2024-11-10 17:56:35,241 [ 1] INFO  Unity: SetDirection:(-60, 80, 0)
2024-11-10 17:56:35,241 [ 1] INFO  Unity: MapEntityUpdateRequest : ID: 7 POS: SkillBridge.Message.NVector3 DIR: (-60,80,0) SPD: 300
2024-11-10 17:56:35,337 [ 1] INFO  Unity: SetDirection:(-75, 66, 0)
2024-11-10 17:56:35,338 [ 1] INFO  Unity: MapEntityUpdateRequest : ID: 7 POS: SkillBridge.Message.NVector3 DIR: (-75,66,0) SPD: 300
2024-11-10 17:56:35,441 [ 1] INFO  Unity: SetDirection:(-87, 49, 0)
2024-11-10 17:56:35,442 [ 1] INFO  Unity: MapEntityUpdateRequest : ID: 7 POS: SkillBridge.Message.NVector3 DIR: (-87,49,0) SPD: 300
2024-11-10 17:56:35,543 [ 1] INFO  Unity: SetDirection:(-95, 30, 0)
2024-11-10 17:56:35,544 [ 1] INFO  Unity: MapEntityUpdateRequest : ID: 7 POS: SkillBridge.Message.NVector3 DIR: (-95,30,0) SPD: 300
2024-11-10 17:56:35,621 [ 1] INFO  Unity: SetDirection:(-99, 13, 0)
2024-11-10 17:56:35,621 [ 1] INFO  Unity: MapEntityUpdateRequest : ID: 7 POS: SkillBridge.Message.NVector3 DIR: (-99,13,0) SPD: 300
2024-11-10 17:56:35,706 [ 1] INFO  Unity: SetDirection:(-100, -4, 0)
2024-11-10 17:56:35,707 [ 1] INFO  Unity: MapEntityUpdateRequest : ID: 7 POS: SkillBridge.Message.NVector3 DIR: (-100,-4,0) SPD: 300
2024-11-10 17:56:35,793 [ 1] INFO  Unity: SetDirection:(-98, -22, 0)
2024-11-10 17:56:35,794 [ 1] INFO  Unity: MapEntityUpdateRequest : ID: 7 POS: SkillBridge.Message.NVector3 DIR: (-98,-22,0) SPD: 300
2024-11-10 17:56:35,891 [ 1] INFO  Unity: SetDirection:(-91, -42, 0)
2024-11-10 17:56:35,891 [ 1] INFO  Unity: MapEntityUpdateRequest : ID: 7 POS: SkillBridge.Message.NVector3 DIR: (-91,-42,0) SPD: 300
2024-11-10 17:56:35,989 [ 1] INFO  Unity: SetDirection:(-80, -60, 0)
2024-11-10 17:56:35,990 [ 1] INFO  Unity: MapEntityUpdateRequest : ID: 7 POS: SkillBridge.Message.NVector3 DIR: (-80,-60,0) SPD: 300
2024-11-10 17:56:36,092 [ 1] INFO  Unity: SetDirection:(-66, -75, 0)
2024-11-10 17:56:36,093 [ 1] INFO  Unity: MapEntityUpdateRequest : ID: 7 POS: SkillBridge.Message.NVector3 DIR: (-66,-75,0) SPD: 300
2024-11-10 17:56:36,189 [ 1] INFO  Unity: SetDirection:(-49, -87, 0)
2024-11-10 17:56:36,189 [ 1] INFO  Unity: MapEntityUpdateRequest : ID: 7 POS: SkillBridge.Message.NVector3 DIR: (-49,-87,0) SPD: 300
2024-11-10 17:56:36,292 [ 1] INFO  Unity: SetDirection:(-30, -95, 0)
2024-11-10 17:56:36,293 [ 1] INFO  Unity: MapEntityUpdateRequest : ID: 7 POS: SkillBridge.Message.NVector3 DIR: (-30,-95,0) SPD: 300
2024-11-10 17:56:36,377 [ 1] INFO  Unity: SetDirection:(-13, -99, 0)
2024-11-10 17:56:36,378 [ 1] INFO  Unity: MapEntityUpdateRequest : ID: 7 POS: SkillBridge.Message.NVector3 DIR: (-13,-99,0) SPD: 300
2024-11-10 17:56:36,457 [ 1] INFO  Unity: SetDirection:(4, -100, 0)
2024-11-10 17:56:36,457 [ 1] INFO  Unity: MapEntityUpdateRequest : ID: 7 POS: SkillBridge.Message.NVector3 DIR: (4,-100,0) SPD: 300
2024-11-10 17:56:36,547 [ 1] INFO  Unity: SetDirection:(22, -98, 0)
2024-11-10 17:56:36,547 [ 1] INFO  Unity: MapEntityUpdateRequest : ID: 7 POS: SkillBridge.Message.NVector3 DIR: (22,-98,0) SPD: 300
2024-11-10 17:56:36,641 [ 1] INFO  Unity: SetDirection:(42, -91, 0)
2024-11-10 17:56:36,641 [ 1] INFO  Unity: MapEntityUpdateRequest : ID: 7 POS: SkillBridge.Message.NVector3 DIR: (42,-91,0) SPD: 300
2024-11-10 17:56:36,752 [ 1] INFO  Unity: SetDirection:(60, -80, 0)
2024-11-10 17:56:36,752 [ 1] INFO  Unity: MapEntityUpdateRequest : ID: 7 POS: SkillBridge.Message.NVector3 DIR: (60,-80,0) SPD: 300
2024-11-10 17:56:36,856 [ 1] INFO  Unity: SetDirection:(75, -66, 0)
2024-11-10 17:56:36,857 [ 1] INFO  Unity: MapEntityUpdateRequest : ID: 7 POS: SkillBridge.Message.NVector3 DIR: (75,-66,0) SPD: 300
2024-11-10 17:56:36,942 [ 1] INFO  Unity: SetDirection:(87, -49, 0)
2024-11-10 17:56:36,942 [ 1] INFO  Unity: MapEntityUpdateRequest : ID: 7 POS: SkillBridge.Message.NVector3 DIR: (87,-49,0) SPD: 300
2024-11-10 17:56:37,051 [ 1] INFO  Unity: SetDirection:(95, -30, 0)
2024-11-10 17:56:37,052 [ 1] INFO  Unity: MapEntityUpdateRequest : ID: 7 POS: SkillBridge.Message.NVector3 DIR: (95,-30,0) SPD: 300
2024-11-10 17:56:37,134 [ 1] INFO  Unity: SetDirection:(99, -13, 0)
2024-11-10 17:56:37,134 [ 1] INFO  Unity: MapEntityUpdateRequest : ID: 7 POS: SkillBridge.Message.NVector3 DIR: (99,-13,0) SPD: 300
2024-11-10 17:56:37,216 [ 1] INFO  Unity: SetDirection:(100, 4, 0)
2024-11-10 17:56:37,217 [ 1] INFO  Unity: MapEntityUpdateRequest : ID: 7 POS: SkillBridge.Message.NVector3 DIR: (100,4,0) SPD: 300
2024-11-10 17:56:37,297 [ 1] INFO  Unity: SetDirection:(98, 22, 0)
2024-11-10 17:56:37,298 [ 1] INFO  Unity: MapEntityUpdateRequest : ID: 7 POS: SkillBridge.Message.NVector3 DIR: (98,22,0) SPD: 300
2024-11-10 17:56:37,393 [ 1] INFO  Unity: SetDirection:(91, 42, 0)
2024-11-10 17:56:37,394 [ 1] INFO  Unity: MapEntityUpdateRequest : ID: 7 POS: SkillBridge.Message.NVector3 DIR: (91,42,0) SPD: 300
2024-11-10 17:56:37,496 [ 1] INFO  Unity: SetDirection:(80, 60, 0)
2024-11-10 17:56:37,497 [ 1] INFO  Unity: MapEntityUpdateRequest : ID: 7 POS: SkillBridge.Message.NVector3 DIR: (80,60,0) SPD: 300
2024-11-10 17:56:37,592 [ 1] INFO  Unity: SetDirection:(66, 75, 0)
2024-11-10 17:56:37,592 [ 1] INFO  Unity: MapEntityUpdateRequest : ID: 7 POS: SkillBridge.Message.NVector3 DIR: (66,75,0) SPD: 300
2024-11-10 17:56:37,693 [ 1] INFO  Unity: SetDirection:(49, 87, 0)
2024-11-10 17:56:37,693 [ 1] INFO  Unity: MapEntityUpdateRequest : ID: 7 POS: SkillBridge.Message.NVector3 DIR: (49,87,0) SPD: 300
2024-11-10 17:56:37,800 [ 1] INFO  Unity: SetDirection:(30, 95, 0)
2024-11-10 17:56:37,801 [ 1] INFO  Unity: MapEntityUpdateRequest : ID: 7 POS: SkillBridge.Message.NVector3 DIR: (30,95,0) SPD: 300
2024-11-10 17:56:37,880 [ 1] INFO  Unity: SetDirection:(13, 99, 0)
2024-11-10 17:56:37,880 [ 1] INFO  Unity: MapEntityUpdateRequest : ID: 7 POS: SkillBridge.Message.NVector3 DIR: (13,99,0) SPD: 300
2024-11-10 17:56:37,966 [ 1] INFO  Unity: SetDirection:(-4, 100, 0)
2024-11-10 17:56:37,966 [ 1] INFO  Unity: MapEntityUpdateRequest : ID: 7 POS: SkillBridge.Message.NVector3 DIR: (-4,100,0) SPD: 300
2024-11-10 17:56:38,049 [ 1] INFO  Unity: SetDirection:(-22, 98, 0)
2024-11-10 17:56:38,050 [ 1] INFO  Unity: MapEntityUpdateRequest : ID: 7 POS: SkillBridge.Message.NVector3 DIR: (-22,98,0) SPD: 300
2024-11-10 17:56:38,145 [ 1] INFO  Unity: SetDirection:(-42, 91, 0)
2024-11-10 17:56:38,146 [ 1] INFO  Unity: MapEntityUpdateRequest : ID: 7 POS: SkillBridge.Message.NVector3 DIR: (-42,91,0) SPD: 300
2024-11-10 17:56:38,245 [ 1] INFO  Unity: SetDirection:(-60, 80, 0)
2024-11-10 17:56:38,246 [ 1] INFO  Unity: MapEntityUpdateRequest : ID: 7 POS: SkillBridge.Message.NVector3 DIR: (-60,80,0) SPD: 300
2024-11-10 17:56:38,351 [ 1] INFO  Unity: SetDirection:(-75, 66, 0)
2024-11-10 17:56:38,352 [ 1] INFO  Unity: MapEntityUpdateRequest : ID: 7 POS: SkillBridge.Message.NVector3 DIR: (-75,66,0) SPD: 300
2024-11-10 17:56:38,452 [ 1] INFO  Unity: SetDirection:(-87, 49, 0)
2024-11-10 17:56:38,453 [ 1] INFO  Unity: MapEntityUpdateRequest : ID: 7 POS: SkillBridge.Message.NVector3 DIR: (-87,49,0) SPD: 300
2024-11-10 17:56:38,547 [ 1] INFO  Unity: SetDirection:(-95, 30, 0)
2024-11-10 17:56:38,547 [ 1] INFO  Unity: MapEntityUpdateRequest : ID: 7 POS: SkillBridge.Message.NVector3 DIR: (-95,30,0) SPD: 300
2024-11-10 17:56:38,614 [ 1] WARN  Unity: Parameter 'Relax' does not exist.
UnityEngine.Animator:SetTrigger(String)
NPCController:Relax() (at Assets/Scripts/GameObject/NPCController.cs:37)
<Actions>c__Iterator0:MoveNext() (at Assets/Scripts/GameObject/NPCController.cs:31)
UnityEngine.SetupCoroutine:InvokeMoveNext(IEnumerator, IntPtr)

2024-11-10 17:56:38,637 [ 1] INFO  Unity: SetDirection:(-99, 13, 0)
2024-11-10 17:56:38,637 [ 1] INFO  Unity: MapEntityUpdateRequest : ID: 7 POS: SkillBridge.Message.NVector3 DIR: (-99,13,0) SPD: 300
2024-11-10 17:56:38,717 [ 1] INFO  Unity: SetDirection:(-100, -4, 0)
2024-11-10 17:56:38,717 [ 1] INFO  Unity: MapEntityUpdateRequest : ID: 7 POS: SkillBridge.Message.NVector3 DIR: (-100,-4,0) SPD: 300
2024-11-10 17:56:38,798 [ 1] INFO  Unity: SetDirection:(-98, -22, 0)
2024-11-10 17:56:38,798 [ 1] INFO  Unity: MapEntityUpdateRequest : ID: 7 POS: SkillBridge.Message.NVector3 DIR: (-98,-22,0) SPD: 300
2024-11-10 17:56:38,902 [ 1] INFO  Unity: SetDirection:(-91, -42, 0)
2024-11-10 17:56:38,902 [ 1] INFO  Unity: MapEntityUpdateRequest : ID: 7 POS: SkillBridge.Message.NVector3 DIR: (-91,-42,0) SPD: 300
2024-11-10 17:56:39,005 [ 1] INFO  Unity: SetDirection:(-80, -60, 0)
2024-11-10 17:56:39,006 [ 1] INFO  Unity: MapEntityUpdateRequest : ID: 7 POS: SkillBridge.Message.NVector3 DIR: (-80,-60,0) SPD: 300
2024-11-10 17:56:39,100 [ 1] INFO  Unity: SetDirection:(-66, -75, 0)
2024-11-10 17:56:39,100 [ 1] INFO  Unity: MapEntityUpdateRequest : ID: 7 POS: SkillBridge.Message.NVector3 DIR: (-66,-75,0) SPD: 300
2024-11-10 17:56:39,199 [ 1] INFO  Unity: SetDirection:(-49, -87, 0)
2024-11-10 17:56:39,199 [ 1] INFO  Unity: MapEntityUpdateRequest : ID: 7 POS: SkillBridge.Message.NVector3 DIR: (-49,-87,0) SPD: 300
2024-11-10 17:56:39,304 [ 1] INFO  Unity: SetDirection:(-30, -95, 0)
2024-11-10 17:56:39,304 [ 1] INFO  Unity: MapEntityUpdateRequest : ID: 7 POS: SkillBridge.Message.NVector3 DIR: (-30,-95,0) SPD: 300
2024-11-10 17:56:39,383 [ 1] INFO  Unity: SetDirection:(-13, -99, 0)
2024-11-10 17:56:39,384 [ 1] INFO  Unity: MapEntityUpdateRequest : ID: 7 POS: SkillBridge.Message.NVector3 DIR: (-13,-99,0) SPD: 300
2024-11-10 17:56:39,473 [ 1] INFO  Unity: SetDirection:(4, -100, 0)
2024-11-10 17:56:39,473 [ 1] INFO  Unity: MapEntityUpdateRequest : ID: 7 POS: SkillBridge.Message.NVector3 DIR: (4,-100,0) SPD: 300
2024-11-10 17:56:39,551 [ 1] INFO  Unity: SetDirection:(22, -98, 0)
2024-11-10 17:56:39,551 [ 1] INFO  Unity: MapEntityUpdateRequest : ID: 7 POS: SkillBridge.Message.NVector3 DIR: (22,-98,0) SPD: 300
2024-11-10 17:56:39,650 [ 1] INFO  Unity: SetDirection:(42, -91, 0)
2024-11-10 17:56:39,651 [ 1] INFO  Unity: MapEntityUpdateRequest : ID: 7 POS: SkillBridge.Message.NVector3 DIR: (42,-91,0) SPD: 300
2024-11-10 17:56:39,750 [ 1] INFO  Unity: SetDirection:(60, -80, 0)
2024-11-10 17:56:39,752 [ 1] INFO  Unity: MapEntityUpdateRequest : ID: 7 POS: SkillBridge.Message.NVector3 DIR: (60,-80,0) SPD: 300
2024-11-10 17:56:39,805 [ 1] WARN  Unity: Parameter 'Relax' does not exist.
UnityEngine.Animator:SetTrigger(String)
NPCController:Relax() (at Assets/Scripts/GameObject/NPCController.cs:37)
<Actions>c__Iterator0:MoveNext() (at Assets/Scripts/GameObject/NPCController.cs:31)
UnityEngine.SetupCoroutine:InvokeMoveNext(IEnumerator, IntPtr)

2024-11-10 17:56:39,855 [ 1] INFO  Unity: SetDirection:(75, -66, 0)
2024-11-10 17:56:39,856 [ 1] INFO  Unity: MapEntityUpdateRequest : ID: 7 POS: SkillBridge.Message.NVector3 DIR: (75,-66,0) SPD: 300
2024-11-10 17:56:39,952 [ 1] INFO  Unity: SetDirection:(87, -49, 0)
2024-11-10 17:56:39,953 [ 1] INFO  Unity: MapEntityUpdateRequest : ID: 7 POS: SkillBridge.Message.NVector3 DIR: (87,-49,0) SPD: 300
2024-11-10 17:56:40,051 [ 1] INFO  Unity: SetDirection:(95, -30, 0)
2024-11-10 17:56:40,051 [ 1] INFO  Unity: MapEntityUpdateRequest : ID: 7 POS: SkillBridge.Message.NVector3 DIR: (95,-30,0) SPD: 300
2024-11-10 17:56:40,139 [ 1] INFO  Unity: SetDirection:(99, -13, 0)
2024-11-10 17:56:40,139 [ 1] INFO  Unity: MapEntityUpdateRequest : ID: 7 POS: SkillBridge.Message.NVector3 DIR: (99,-13,0) SPD: 300
2024-11-10 17:56:40,218 [ 1] INFO  Unity: SetDirection:(100, 4, 0)
2024-11-10 17:56:40,219 [ 1] INFO  Unity: MapEntityUpdateRequest : ID: 7 POS: SkillBridge.Message.NVector3 DIR: (100,4,0) SPD: 300
2024-11-10 17:56:40,305 [ 1] INFO  Unity: SetDirection:(98, 22, 0)
2024-11-10 17:56:40,305 [ 1] INFO  Unity: MapEntityUpdateRequest : ID: 7 POS: SkillBridge.Message.NVector3 DIR: (98,22,0) SPD: 300
2024-11-10 17:56:40,399 [ 1] INFO  Unity: SetDirection:(91, 42, 0)
2024-11-10 17:56:40,400 [ 1] INFO  Unity: MapEntityUpdateRequest : ID: 7 POS: SkillBridge.Message.NVector3 DIR: (91,42,0) SPD: 300
2024-11-10 17:56:40,503 [ 1] INFO  Unity: SetDirection:(80, 60, 0)
2024-11-10 17:56:40,503 [ 1] INFO  Unity: MapEntityUpdateRequest : ID: 7 POS: SkillBridge.Message.NVector3 DIR: (80,60,0) SPD: 300
2024-11-10 17:56:40,609 [ 1] INFO  Unity: SetDirection:(66, 75, 0)
2024-11-10 17:56:40,610 [ 1] INFO  Unity: MapEntityUpdateRequest : ID: 7 POS: SkillBridge.Message.NVector3 DIR: (66,75,0) SPD: 300
2024-11-10 17:56:40,703 [ 1] INFO  Unity: SetDirection:(49, 87, 0)
2024-11-10 17:56:40,704 [ 1] INFO  Unity: MapEntityUpdateRequest : ID: 7 POS: SkillBridge.Message.NVector3 DIR: (49,87,0) SPD: 300
2024-11-10 17:56:40,812 [ 1] INFO  Unity: SetDirection:(30, 95, 0)
2024-11-10 17:56:40,813 [ 1] INFO  Unity: MapEntityUpdateRequest : ID: 7 POS: SkillBridge.Message.NVector3 DIR: (30,95,0) SPD: 300
2024-11-10 17:56:40,889 [ 1] INFO  Unity: SetDirection:(13, 99, 0)
2024-11-10 17:56:40,891 [ 1] INFO  Unity: MapEntityUpdateRequest : ID: 7 POS: SkillBridge.Message.NVector3 DIR: (13,99,0) SPD: 300
2024-11-10 17:56:40,965 [ 1] INFO  Unity: SetDirection:(-4, 100, 0)
2024-11-10 17:56:40,965 [ 1] INFO  Unity: MapEntityUpdateRequest : ID: 7 POS: SkillBridge.Message.NVector3 DIR: (-4,100,0) SPD: 300
2024-11-10 17:56:41,051 [ 1] INFO  Unity: SetDirection:(-22, 98, 0)
2024-11-10 17:56:41,052 [ 1] INFO  Unity: MapEntityUpdateRequest : ID: 7 POS: SkillBridge.Message.NVector3 DIR: (-22,98,0) SPD: 300
2024-11-10 17:56:41,153 [ 1] INFO  Unity: SetDirection:(-42, 91, 0)
2024-11-10 17:56:41,154 [ 1] INFO  Unity: MapEntityUpdateRequest : ID: 7 POS: SkillBridge.Message.NVector3 DIR: (-42,91,0) SPD: 300
2024-11-10 17:56:41,260 [ 1] INFO  Unity: SetDirection:(-60, 80, 0)
2024-11-10 17:56:41,261 [ 1] INFO  Unity: MapEntityUpdateRequest : ID: 7 POS: SkillBridge.Message.NVector3 DIR: (-60,80,0) SPD: 300
2024-11-10 17:56:41,354 [ 1] INFO  Unity: SetDirection:(-75, 66, 0)
2024-11-10 17:56:41,354 [ 1] INFO  Unity: MapEntityUpdateRequest : ID: 7 POS: SkillBridge.Message.NVector3 DIR: (-75,66,0) SPD: 300
2024-11-10 17:56:41,456 [ 1] INFO  Unity: SetDirection:(-87, 49, 0)
2024-11-10 17:56:41,456 [ 1] INFO  Unity: MapEntityUpdateRequest : ID: 7 POS: SkillBridge.Message.NVector3 DIR: (-87,49,0) SPD: 300
2024-11-10 17:56:41,553 [ 1] INFO  Unity: SetDirection:(-95, 30, 0)
2024-11-10 17:56:41,553 [ 1] INFO  Unity: MapEntityUpdateRequest : ID: 7 POS: SkillBridge.Message.NVector3 DIR: (-95,30,0) SPD: 300
2024-11-10 17:56:41,638 [ 1] INFO  Unity: SetDirection:(-99, 13, 0)
2024-11-10 17:56:41,640 [ 1] INFO  Unity: MapEntityUpdateRequest : ID: 7 POS: SkillBridge.Message.NVector3 DIR: (-99,13,0) SPD: 300
2024-11-10 17:56:41,720 [ 1] INFO  Unity: SetDirection:(-100, -4, 0)
2024-11-10 17:56:41,720 [ 1] INFO  Unity: MapEntityUpdateRequest : ID: 7 POS: SkillBridge.Message.NVector3 DIR: (-100,-4,0) SPD: 300
2024-11-10 17:56:41,811 [ 1] INFO  Unity: SetDirection:(-98, -22, 0)
2024-11-10 17:56:41,811 [ 1] INFO  Unity: MapEntityUpdateRequest : ID: 7 POS: SkillBridge.Message.NVector3 DIR: (-98,-22,0) SPD: 300
2024-11-10 17:56:41,908 [ 1] INFO  Unity: SetDirection:(-91, -42, 0)
2024-11-10 17:56:41,909 [ 1] INFO  Unity: MapEntityUpdateRequest : ID: 7 POS: SkillBridge.Message.NVector3 DIR: (-91,-42,0) SPD: 300
2024-11-10 17:56:42,009 [ 1] INFO  Unity: SetDirection:(-80, -60, 0)
2024-11-10 17:56:42,011 [ 1] INFO  Unity: MapEntityUpdateRequest : ID: 7 POS: SkillBridge.Message.NVector3 DIR: (-80,-60,0) SPD: 300
2024-11-10 17:56:42,111 [ 1] INFO  Unity: SetDirection:(-66, -75, 0)
2024-11-10 17:56:42,111 [ 1] INFO  Unity: MapEntityUpdateRequest : ID: 7 POS: SkillBridge.Message.NVector3 DIR: (-66,-75,0) SPD: 300
2024-11-10 17:56:42,201 [ 1] INFO  Unity: SetDirection:(-49, -87, 0)
2024-11-10 17:56:42,201 [ 1] INFO  Unity: MapEntityUpdateRequest : ID: 7 POS: SkillBridge.Message.NVector3 DIR: (-49,-87,0) SPD: 300
2024-11-10 17:56:42,302 [ 1] INFO  Unity: SetDirection:(-30, -95, 0)
2024-11-10 17:56:42,303 [ 1] INFO  Unity: MapEntityUpdateRequest : ID: 7 POS: SkillBridge.Message.NVector3 DIR: (-30,-95,0) SPD: 300
2024-11-10 17:56:42,394 [ 1] INFO  Unity: SetDirection:(-13, -99, 0)
2024-11-10 17:56:42,395 [ 1] INFO  Unity: MapEntityUpdateRequest : ID: 7 POS: SkillBridge.Message.NVector3 DIR: (-13,-99,0) SPD: 300
2024-11-10 17:56:42,467 [ 1] INFO  Unity: SetDirection:(4, -100, 0)
2024-11-10 17:56:42,468 [ 1] INFO  Unity: MapEntityUpdateRequest : ID: 7 POS: SkillBridge.Message.NVector3 DIR: (4,-100,0) SPD: 300
2024-11-10 17:56:42,553 [ 1] INFO  Unity: SetDirection:(22, -98, 0)
2024-11-10 17:56:42,554 [ 1] INFO  Unity: MapEntityUpdateRequest : ID: 7 POS: SkillBridge.Message.NVector3 DIR: (22,-98,0) SPD: 300
2024-11-10 17:56:42,660 [ 1] INFO  Unity: SetDirection:(42, -91, 0)
2024-11-10 17:56:42,660 [ 1] INFO  Unity: MapEntityUpdateRequest : ID: 7 POS: SkillBridge.Message.NVector3 DIR: (42,-91,0) SPD: 300
2024-11-10 17:56:42,760 [ 1] INFO  Unity: SetDirection:(60, -80, 0)
2024-11-10 17:56:42,760 [ 1] INFO  Unity: MapEntityUpdateRequest : ID: 7 POS: SkillBridge.Message.NVector3 DIR: (60,-80,0) SPD: 300
2024-11-10 17:56:42,854 [ 1] INFO  Unity: SetDirection:(75, -66, 0)
2024-11-10 17:56:42,855 [ 1] INFO  Unity: MapEntityUpdateRequest : ID: 7 POS: SkillBridge.Message.NVector3 DIR: (75,-66,0) SPD: 300
2024-11-10 17:56:42,953 [ 1] INFO  Unity: SetDirection:(86, -51, 0)
2024-11-10 17:56:42,954 [ 1] INFO  Unity: MapEntityUpdateRequest : ID: 7 POS: SkillBridge.Message.NVector3 DIR: (86,-51,0) SPD: 300
2024-11-10 17:56:43,110 [ 1] INFO  Unity: SetDirection:(94, -35, 0)
2024-11-10 17:56:43,110 [ 1] INFO  Unity: MapEntityUpdateRequest : ID: 7 POS: SkillBridge.Message.NVector3 DIR: (94,-35,0) SPD: 300
2024-11-10 17:56:43,241 [ 1] INFO  Unity: Stop
2024-11-10 17:56:43,241 [ 1] INFO  Unity: MapEntityUpdateRequest : ID: 7 POS: SkillBridge.Message.NVector3 DIR: (94,-35,0) SPD: 0
2024-11-10 17:56:52,434 [ 1] WARN  Unity: Parameter 'Relax' does not exist.
UnityEngine.Animator:SetTrigger(String)
NPCController:Relax() (at Assets/Scripts/GameObject/NPCController.cs:37)
<Actions>c__Iterator0:MoveNext() (at Assets/Scripts/GameObject/NPCController.cs:31)
UnityEngine.SetupCoroutine:InvokeMoveNext(IEnumerator, IntPtr)

2024-11-10 17:56:54,376 [ 1] WARN  Unity: Parameter 'Relax' does not exist.
UnityEngine.Animator:SetTrigger(String)
NPCController:Relax() (at Assets/Scripts/GameObject/NPCController.cs:37)
<Actions>c__Iterator0:MoveNext() (at Assets/Scripts/GameObject/NPCController.cs:31)
UnityEngine.SetupCoroutine:InvokeMoveNext(IEnumerator, IntPtr)

2024-11-10 17:57:04,321 [ 1] WARN  Unity: Parameter 'Relax' does not exist.
UnityEngine.Animator:SetTrigger(String)
NPCController:Relax() (at Assets/Scripts/GameObject/NPCController.cs:37)
<Actions>c__Iterator0:MoveNext() (at Assets/Scripts/GameObject/NPCController.cs:31)
UnityEngine.SetupCoroutine:InvokeMoveNext(IEnumerator, IntPtr)

2024-11-10 17:57:04,442 [ 1] WARN  Unity: Parameter 'Relax' does not exist.
UnityEngine.Animator:SetTrigger(String)
NPCController:Relax() (at Assets/Scripts/GameObject/NPCController.cs:37)
<Actions>c__Iterator0:MoveNext() (at Assets/Scripts/GameObject/NPCController.cs:31)
UnityEngine.SetupCoroutine:InvokeMoveNext(IEnumerator, IntPtr)

2024-11-10 17:57:15,608 [ 1] WARN  Unity: Parameter 'Relax' does not exist.
UnityEngine.Animator:SetTrigger(String)
NPCController:Relax() (at Assets/Scripts/GameObject/NPCController.cs:37)
<Actions>c__Iterator0:MoveNext() (at Assets/Scripts/GameObject/NPCController.cs:31)
UnityEngine.SetupCoroutine:InvokeMoveNext(IEnumerator, IntPtr)

2024-11-10 17:57:15,639 [ 1] WARN  Unity: Parameter 'Relax' does not exist.
UnityEngine.Animator:SetTrigger(String)
NPCController:Relax() (at Assets/Scripts/GameObject/NPCController.cs:37)
<Actions>c__Iterator0:MoveNext() (at Assets/Scripts/GameObject/NPCController.cs:31)
UnityEngine.SetupCoroutine:InvokeMoveNext(IEnumerator, IntPtr)

2024-11-10 17:57:23,424 [ 1] INFO  Unity: OnDestroy NetworkManager.
2024-11-10 17:57:23,425 [ 1] WARN  Unity: CloseConnection(), errorCode: 1007
UnityEngine.Debug:LogWarning(Object)
Network.NetClient:CloseConnection(Int32) (at Assets/Scripts/Network/NetClient.cs:180)
Network.NetClient:OnDestroy() (at Assets/Scripts/Network/NetClient.cs:175)

2024-11-10 17:57:23,426 [ 1] INFO  Unity: Character_7_test1 OnDestroy :ID:7 POS:(4645, 4825, 805) DIR:(94, -35, 0) SPD:0 
